  Text-RPG.cpp
C:\Users\Amosa.Osayande\Documents\Visual Studio 2019\text-rpg-amosa\Text-RPG\being.h(173,13): warning C4244:  'argument': conversion from 'time_t' to 'unsigned int', possible loss of data
C:\Users\Amosa.Osayande\Documents\Visual Studio 2019\text-rpg-amosa\Text-RPG\being.h(194,13): warning C4244:  'argument': conversion from 'time_t' to 'unsigned int', possible loss of data
C:\Users\Amosa.Osayande\Documents\Visual Studio 2019\text-rpg-amosa\Text-RPG\player.h(27,13): warning C4244:  'argument': conversion from 'time_t' to 'unsigned int', possible loss of data
C:\Users\Amosa.Osayande\Documents\Visual Studio 2019\text-rpg-amosa\Text-RPG\player.h(64,13): warning C4244:  'argument': conversion from 'time_t' to 'unsigned int', possible loss of data
C:\Users\Amosa.Osayande\Documents\Visual Studio 2019\text-rpg-amosa\Text-RPG\enemy.h(24,14): warning C4244:  'argument': conversion from 'time_t' to 'unsigned int', possible loss of data
C:\Users\Amosa.Osayande\Documents\Visual Studio 2019\text-rpg-amosa\Text-RPG\Text-RPG.cpp(212,90): warning C4267:  'argument': conversion from 'size_t' to 'int', possible loss of data
C:\Users\Amosa.Osayande\Documents\Visual Studio 2019\text-rpg-amosa\Text-RPG\Text-RPG.cpp(375,106): warning C4267:  'argument': conversion from 'size_t' to 'int', possible loss of data
C:\Users\Amosa.Osayande\Documents\Visual Studio 2019\text-rpg-amosa\Text-RPG\Text-RPG.cpp(469,2): error C3861:  'PrintStock': identifier not found
C:\Users\Amosa.Osayande\Documents\Visual Studio 2019\text-rpg-amosa\Text-RPG\Text-RPG.cpp(480,11): error C2065:  'choice1': undeclared identifier
C:\Users\Amosa.Osayande\Documents\Visual Studio 2019\text-rpg-amosa\Text-RPG\Text-RPG.cpp(481,4): error C2065:  'retry': undeclared identifier
C:\Users\Amosa.Osayande\Documents\Visual Studio 2019\text-rpg-amosa\Text-RPG\Text-RPG.cpp(485,8): error C2065:  'retry': undeclared identifier
C:\Users\Amosa.Osayande\Documents\Visual Studio 2019\text-rpg-amosa\Text-RPG\Text-RPG.cpp(489,13): error C2065:  'choice1': undeclared identifier
C:\Users\Amosa.Osayande\Documents\Visual Studio 2019\text-rpg-amosa\Text-RPG\Text-RPG.cpp(489,28): error C2065:  'choice1': undeclared identifier
C:\Users\Amosa.Osayande\Documents\Visual Studio 2019\text-rpg-amosa\Text-RPG\Text-RPG.cpp(493,12): error C2065:  'retry': undeclared identifier
C:\Users\Amosa.Osayande\Documents\Visual Studio 2019\text-rpg-amosa\Text-RPG\Text-RPG.cpp(493,26): error C2065:  'choice1': undeclared identifier
C:\Users\Amosa.Osayande\Documents\Visual Studio 2019\text-rpg-amosa\Text-RPG\Text-RPG.cpp(493,41): error C2065:  'choice1': undeclared identifier
C:\Users\Amosa.Osayande\Documents\Visual Studio 2019\text-rpg-amosa\Text-RPG\Text-RPG.cpp(495,11): error C2065:  'choice1': undeclared identifier
C:\Users\Amosa.Osayande\Documents\Visual Studio 2019\text-rpg-amosa\Text-RPG\Text-RPG.cpp(496,3): error C2050:  switch expression not integral
C:\Users\Amosa.Osayande\Documents\Visual Studio 2019\text-rpg-amosa\Text-RPG\Text-RPG.cpp(498,15): error C2065:  'item': undeclared identifier
C:\Users\Amosa.Osayande\Documents\Visual Studio 2019\text-rpg-amosa\Text-RPG\Text-RPG.cpp(498,21): error C2065:  'prices': undeclared identifier
C:\Users\Amosa.Osayande\Documents\Visual Studio 2019\text-rpg-amosa\Text-RPG\Text-RPG.cpp(498,29): error C2065:  'mStock': undeclared identifier
C:\Users\Amosa.Osayande\Documents\Visual Studio 2019\text-rpg-amosa\Text-RPG\Text-RPG.cpp(498,4): error C3861:  'PrintStock': identifier not found
C:\Users\Amosa.Osayande\Documents\Visual Studio 2019\text-rpg-amosa\Text-RPG\Text-RPG.cpp(507,12): error C2065:  'choice2': undeclared identifier
C:\Users\Amosa.Osayande\Documents\Visual Studio 2019\text-rpg-amosa\Text-RPG\Text-RPG.cpp(508,5): error C2065:  'retry': undeclared identifier
C:\Users\Amosa.Osayande\Documents\Visual Studio 2019\text-rpg-amosa\Text-RPG\Text-RPG.cpp(512,9): error C2065:  'retry': undeclared identifier
C:\Users\Amosa.Osayande\Documents\Visual Studio 2019\text-rpg-amosa\Text-RPG\Text-RPG.cpp(516,14): error C2065:  'choice2': undeclared identifier
C:\Users\Amosa.Osayande\Documents\Visual Studio 2019\text-rpg-amosa\Text-RPG\Text-RPG.cpp(516,29): error C2065:  'choice2': undeclared identifier
C:\Users\Amosa.Osayande\Documents\Visual Studio 2019\text-rpg-amosa\Text-RPG\Text-RPG.cpp(522,6): error C2065:  'tempCheck': undeclared identifier
C:\Users\Amosa.Osayande\Documents\Visual Studio 2019\text-rpg-amosa\Text-RPG\Text-RPG.cpp(522,30): error C2065:  'item': undeclared identifier
C:\Users\Amosa.Osayande\Documents\Visual Studio 2019\text-rpg-amosa\Text-RPG\Text-RPG.cpp(522,36): error C2065:  'choice2': undeclared identifier
C:\Users\Amosa.Osayande\Documents\Visual Studio 2019\text-rpg-amosa\Text-RPG\Text-RPG.cpp(522,51): error C2065:  'mStock': undeclared identifier
C:\Users\Amosa.Osayande\Documents\Visual Studio 2019\text-rpg-amosa\Text-RPG\Text-RPG.cpp(522,18): error C3861:  'ItemCounter': identifier not found
C:\Users\Amosa.Osayande\Documents\Visual Studio 2019\text-rpg-amosa\Text-RPG\Text-RPG.cpp(525,9): error C2065:  'tempCheck': undeclared identifier
C:\Users\Amosa.Osayande\Documents\Visual Studio 2019\text-rpg-amosa\Text-RPG\Text-RPG.cpp(528,6): error C2065:  'retry': undeclared identifier
C:\Users\Amosa.Osayande\Documents\Visual Studio 2019\text-rpg-amosa\Text-RPG\Text-RPG.cpp(530,13): error C2065:  'retry': undeclared identifier
C:\Users\Amosa.Osayande\Documents\Visual Studio 2019\text-rpg-amosa\Text-RPG\Text-RPG.cpp(530,27): error C2065:  'choice2': undeclared identifier
C:\Users\Amosa.Osayande\Documents\Visual Studio 2019\text-rpg-amosa\Text-RPG\Text-RPG.cpp(530,42): error C2065:  'choice2': undeclared identifier
C:\Users\Amosa.Osayande\Documents\Visual Studio 2019\text-rpg-amosa\Text-RPG\Text-RPG.cpp(535,31): error C2065:  'tempCheck': undeclared identifier
C:\Users\Amosa.Osayande\Documents\Visual Studio 2019\text-rpg-amosa\Text-RPG\Text-RPG.cpp(535,52): error C2065:  'item': undeclared identifier
C:\Users\Amosa.Osayande\Documents\Visual Studio 2019\text-rpg-amosa\Text-RPG\Text-RPG.cpp(535,57): error C2065:  'choice2': undeclared identifier
C:\Users\Amosa.Osayande\Documents\Visual Studio 2019\text-rpg-amosa\Text-RPG\Text-RPG.cpp(537,12): error C2065:  'choice3': undeclared identifier
C:\Users\Amosa.Osayande\Documents\Visual Studio 2019\text-rpg-amosa\Text-RPG\Text-RPG.cpp(538,5): error C2065:  'retry': undeclared identifier
C:\Users\Amosa.Osayande\Documents\Visual Studio 2019\text-rpg-amosa\Text-RPG\Text-RPG.cpp(542,21): error C2065:  'item': undeclared identifier
C:\Users\Amosa.Osayande\Documents\Visual Studio 2019\text-rpg-amosa\Text-RPG\Text-RPG.cpp(542,26): error C2065:  'choice2': undeclared identifier
C:\Users\Amosa.Osayande\Documents\Visual Studio 2019\text-rpg-amosa\Text-RPG\Text-RPG.cpp(542,40): error C2065:  'item': undeclared identifier
C:\Users\Amosa.Osayande\Documents\Visual Studio 2019\text-rpg-amosa\Text-RPG\Text-RPG.cpp(542,46): error C2065:  'choice3': undeclared identifier
C:\Users\Amosa.Osayande\Documents\Visual Studio 2019\text-rpg-amosa\Text-RPG\Text-RPG.cpp(542,55): error C2065:  'prices': undeclared identifier
C:\Users\Amosa.Osayande\Documents\Visual Studio 2019\text-rpg-amosa\Text-RPG\Text-RPG.cpp(542,63): error C2065:  'pDosh': undeclared identifier
C:\Users\Amosa.Osayande\Documents\Visual Studio 2019\text-rpg-amosa\Text-RPG\Text-RPG.cpp(542,70): error C2065:  'buySell': undeclared identifier
C:\Users\Amosa.Osayande\Documents\Visual Studio 2019\text-rpg-amosa\Text-RPG\Text-RPG.cpp(542,10): error C3861:  'EnoughDosh': identifier not found
C:\Users\Amosa.Osayande\Documents\Visual Studio 2019\text-rpg-amosa\Text-RPG\Text-RPG.cpp(546,9): error C2065:  'retry': undeclared identifier
C:\Users\Amosa.Osayande\Documents\Visual Studio 2019\text-rpg-amosa\Text-RPG\Text-RPG.cpp(550,14): error C2065:  'choice3': undeclared identifier
C:\Users\Amosa.Osayande\Documents\Visual Studio 2019\text-rpg-amosa\Text-RPG\Text-RPG.cpp(550,24): error C2065:  'tempCheck': undeclared identifier
C:\Users\Amosa.Osayande\Documents\Visual Studio 2019\text-rpg-amosa\Text-RPG\Text-RPG.cpp(550,37): error C2065:  'choice3': undeclared identifier
C:\Users\Amosa.Osayande\Documents\Visual Studio 2019\text-rpg-amosa\Text-RPG\Text-RPG.cpp(552,47): error C2065:  'tempCheck': undeclared identifier
C:\Users\Amosa.Osayande\Documents\Visual Studio 2019\text-rpg-amosa\Text-RPG\Text-RPG.cpp(553,6): error C2065:  'retry': undeclared identifier
C:\Users\Amosa.Osayande\Documents\Visual Studio 2019\text-rpg-amosa\Text-RPG\Text-RPG.cpp(556,9): error C2065:  'retry': undeclared identifier
C:\Users\Amosa.Osayande\Documents\Visual Studio 2019\text-rpg-amosa\Text-RPG\Text-RPG.cpp(556,35): error C2065:  'item': undeclared identifier
C:\Users\Amosa.Osayande\Documents\Visual Studio 2019\text-rpg-amosa\Text-RPG\Text-RPG.cpp(556,40): error C2065:  'choice2': undeclared identifier
C:\Users\Amosa.Osayande\Documents\Visual Studio 2019\text-rpg-amosa\Text-RPG\Text-RPG.cpp(556,54): error C2065:  'item': undeclared identifier
C:\Users\Amosa.Osayande\Documents\Visual Studio 2019\text-rpg-amosa\Text-RPG\Text-RPG.cpp(556,60): error C2065:  'choice3': undeclared identifier
C:\Users\Amosa.Osayande\Documents\Visual Studio 2019\text-rpg-amosa\Text-RPG\Text-RPG.cpp(556,69): error C2065:  'prices': undeclared identifier
C:\Users\Amosa.Osayande\Documents\Visual Studio 2019\text-rpg-amosa\Text-RPG\Text-RPG.cpp(556,77): error C2065:  'pDosh': undeclared identifier
C:\Users\Amosa.Osayande\Documents\Visual Studio 2019\text-rpg-amosa\Text-RPG\Text-RPG.cpp(556,84): error C2065:  'buySell': undeclared identifier
C:\Users\Amosa.Osayande\Documents\Visual Studio 2019\text-rpg-amosa\Text-RPG\Text-RPG.cpp(556,24): error C3861:  'EnoughDosh': identifier not found
C:\Users\Amosa.Osayande\Documents\Visual Studio 2019\text-rpg-amosa\Text-RPG\Text-RPG.cpp(562,23): error C2065:  'item': undeclared identifier
C:\Users\Amosa.Osayande\Documents\Visual Studio 2019\text-rpg-amosa\Text-RPG\Text-RPG.cpp(562,28): error C2065:  'choice2': undeclared identifier
C:\Users\Amosa.Osayande\Documents\Visual Studio 2019\text-rpg-amosa\Text-RPG\Text-RPG.cpp(562,42): error C2065:  'item': undeclared identifier
C:\Users\Amosa.Osayande\Documents\Visual Studio 2019\text-rpg-amosa\Text-RPG\Text-RPG.cpp(562,48): error C2065:  'choice3': undeclared identifier
C:\Users\Amosa.Osayande\Documents\Visual Studio 2019\text-rpg-amosa\Text-RPG\Text-RPG.cpp(562,57): error C2065:  'prices': undeclared identifier
C:\Users\Amosa.Osayande\Documents\Visual Studio 2019\text-rpg-amosa\Text-RPG\Text-RPG.cpp(562,65): error C2065:  'pDosh': undeclared identifier
C:\Users\Amosa.Osayande\Documents\Visual Studio 2019\text-rpg-amosa\Text-RPG\Text-RPG.cpp(562,72): error C2065:  'buySell': undeclared identifier
C:\Users\Amosa.Osayande\Documents\Visual Studio 2019\text-rpg-amosa\Text-RPG\Text-RPG.cpp(562,12): error C3861:  'EnoughDosh': identifier not found
C:\Users\Amosa.Osayande\Documents\Visual Studio 2019\text-rpg-amosa\Text-RPG\Text-RPG.cpp(568,14): error C2065:  'choice4': undeclared identifier
C:\Users\Amosa.Osayande\Documents\Visual Studio 2019\text-rpg-amosa\Text-RPG\Text-RPG.cpp(569,7): error C2065:  'retry': undeclared identifier
C:\Users\Amosa.Osayande\Documents\Visual Studio 2019\text-rpg-amosa\Text-RPG\Text-RPG.cpp(573,11): error C2065:  'retry': undeclared identifier
C:\Users\Amosa.Osayande\Documents\Visual Studio 2019\text-rpg-amosa\Text-RPG\Text-RPG.cpp(577,16): error C2065:  'choice4': undeclared identifier
C:\Users\Amosa.Osayande\Documents\Visual Studio 2019\text-rpg-amosa\Text-RPG\Text-RPG.cpp(577,31): error C2065:  'choice4': undeclared identifier
C:\Users\Amosa.Osayande\Documents\Visual Studio 2019\text-rpg-amosa\Text-RPG\Text-RPG.cpp(579,8): error C2065:  'retry': undeclared identifier
C:\Users\Amosa.Osayande\Documents\Visual Studio 2019\text-rpg-amosa\Text-RPG\Text-RPG.cpp(582,15): error C2065:  'retry': undeclared identifier
C:\Users\Amosa.Osayande\Documents\Visual Studio 2019\text-rpg-amosa\Text-RPG\Text-RPG.cpp(586,10): error C2065:  'choice4': undeclared identifier
C:\Users\Amosa.Osayande\Documents\Visual Studio 2019\text-rpg-amosa\Text-RPG\Text-RPG.cpp(588,16): error C2065:  'item': undeclared identifier
C:\Users\Amosa.Osayande\Documents\Visual Studio 2019\text-rpg-amosa\Text-RPG\Text-RPG.cpp(588,21): error C2065:  'choice2': undeclared identifier
C:\Users\Amosa.Osayande\Documents\Visual Studio 2019\text-rpg-amosa\Text-RPG\Text-RPG.cpp(588,35): error C2065:  'choice3': undeclared identifier
C:\Users\Amosa.Osayande\Documents\Visual Studio 2019\text-rpg-amosa\Text-RPG\Text-RPG.cpp(588,44): error C2065:  'mStock': undeclared identifier
C:\Users\Amosa.Osayande\Documents\Visual Studio 2019\text-rpg-amosa\Text-RPG\Text-RPG.cpp(588,52): error C2065:  'pStock': undeclared identifier
C:\Users\Amosa.Osayande\Documents\Visual Studio 2019\text-rpg-amosa\Text-RPG\Text-RPG.cpp(588,7): error C3861:  'Transfer': identifier not found
C:\Users\Amosa.Osayande\Documents\Visual Studio 2019\text-rpg-amosa\Text-RPG\Text-RPG.cpp(589,7): error C2065:  'pDosh': undeclared identifier
C:\Users\Amosa.Osayande\Documents\Visual Studio 2019\text-rpg-amosa\Text-RPG\Text-RPG.cpp(589,16): error C2065:  'buySell': undeclared identifier
C:\Users\Amosa.Osayande\Documents\Visual Studio 2019\text-rpg-amosa\Text-RPG\Text-RPG.cpp(590,7): error C2065:  'mDosh': undeclared identifier
C:\Users\Amosa.Osayande\Documents\Visual Studio 2019\text-rpg-amosa\Text-RPG\Text-RPG.cpp(590,16): error C2065:  'buySell': undeclared identifier
C:\Users\Amosa.Osayande\Documents\Visual Studio 2019\text-rpg-amosa\Text-RPG\Text-RPG.cpp(599,6): error C2065:  'retry': undeclared identifier
C:\Users\Amosa.Osayande\Documents\Visual Studio 2019\text-rpg-amosa\Text-RPG\Text-RPG.cpp(601,13): error C2065:  'retry': undeclared identifier
C:\Users\Amosa.Osayande\Documents\Visual Studio 2019\text-rpg-amosa\Text-RPG\Text-RPG.cpp(606,4): error C3861:  'PrintStock': identifier not found
C:\Users\Amosa.Osayande\Documents\Visual Studio 2019\text-rpg-amosa\Text-RPG\Text-RPG.cpp(612,12): error C2065:  'choice2': undeclared identifier
C:\Users\Amosa.Osayande\Documents\Visual Studio 2019\text-rpg-amosa\Text-RPG\Text-RPG.cpp(613,5): error C2065:  'retry': undeclared identifier
C:\Users\Amosa.Osayande\Documents\Visual Studio 2019\text-rpg-amosa\Text-RPG\Text-RPG.cpp(617,9): error C2065:  'retry': undeclared identifier
C:\Users\Amosa.Osayande\Documents\Visual Studio 2019\text-rpg-amosa\Text-RPG\Text-RPG.cpp(621,14): error C2065:  'choice2': undeclared identifier
C:\Users\Amosa.Osayande\Documents\Visual Studio 2019\text-rpg-amosa\Text-RPG\Text-RPG.cpp(621,29): error C2065:  'choice2': undeclared identifier
C:\Users\Amosa.Osayande\Documents\Visual Studio 2019\text-rpg-amosa\Text-RPG\Text-RPG.cpp(627,6): error C2065:  'tempCheck': undeclared identifier
C:\Users\Amosa.Osayande\Documents\Visual Studio 2019\text-rpg-amosa\Text-RPG\Text-RPG.cpp(627,30): error C2065:  'item': undeclared identifier
C:\Users\Amosa.Osayande\Documents\Visual Studio 2019\text-rpg-amosa\Text-RPG\Text-RPG.cpp(627,36): error C2065:  'choice2': undeclared identifier
C:\Users\Amosa.Osayande\Documents\Visual Studio 2019\text-rpg-amosa\Text-RPG\Text-RPG.cpp(627,51): error C2065:  'pStock': undeclared identifier
C:\Users\Amosa.Osayande\Documents\Visual Studio 2019\text-rpg-amosa\Text-RPG\Text-RPG.cpp(627,18): error C3861:  'ItemCounter': identifier not found
C:\Users\Amosa.Osayande\Documents\Visual Studio 2019\text-rpg-amosa\Text-RPG\Text-RPG.cpp(630,9): error C2065:  'tempCheck': undeclared identifier
C:\Users\Amosa.Osayande\Documents\Visual Studio 2019\text-rpg-amosa\Text-RPG\Text-RPG.cpp(633,6): error C2065:  'retry': undeclared identifier
C:\Users\Amosa.Osayande\Documents\Visual Studio 2019\text-rpg-amosa\Text-RPG\Text-RPG.cpp(636,13): error C2065:  'retry': undeclared identifier
C:\Users\Amosa.Osayande\Documents\Visual Studio 2019\text-rpg-amosa\Text-RPG\Text-RPG.cpp(636,27): error C2065:  'choice2': undeclared identifier
C:\Users\Amosa.Osayande\Documents\Visual Studio 2019\text-rpg-amosa\Text-RPG\Text-RPG.cpp(636,35): error C1003:  error count exceeds 100; stopping compilation
